<?xml version="1.0" encoding="UTF-8"?>
<!-- Generated by org.testng.reporters.JUnitXMLReporter -->
<testsuite ignored="3" hostname="C100-176" failures="0" tests="8" name="Badge Test" time="93.803" errors="0" timestamp="2023-12-01T17:08:35 IST">
  <testcase classname="PracticeTesting.EasyCollab.Tests.PositiveTestCases.BadgePositiveTest" name="ContributionSelfCase" time="2.433"/>
  <testcase classname="PracticeTesting.EasyCollab.Tests.PositiveTestCases.BadgePositiveTest" name="SearchbyAllFields" time="6.098"/>
  <testcase classname="PracticeTesting.EasyCollab.Tests.PositiveTestCases.BadgePositiveTest" name="SearchbyCategory" time="2.755"/>
  <testcase classname="PracticeTesting.EasyCollab.Tests.PositiveTestCases.BadgePositiveTest" name="SearchbyEmployee" time="3.005"/>
  <testcase classname="PracticeTesting.EasyCollab.Tests.PositiveTestCases.BadgePositiveTest" name="SearchbyEmployeeCategory" time="2.871"/>
  <testcase classname="PracticeTesting.EasyCollab.Tests.PositiveTestCases.BadgePositiveTest" name="SearchbyFromdate" time="3.844"/>
  <testcase classname="PracticeTesting.EasyCollab.Tests.PositiveTestCases.BadgePositiveTest" name="SearchbyToFromdate" time="5.816"/>
  <testcase classname="PracticeTesting.EasyCollab.Tests.PositiveTestCases.BadgePositiveTest" name="SearchbyTodate" time="3.515"/>
  <testcase classname="PracticeTesting.EasyCollab.Tests.PositiveTestCases.BadgePositiveTest" name="BadgesValidation" time="0.0">
    <ignored/>
  </testcase> <!-- BadgesValidation -->
  <testcase classname="PracticeTesting.EasyCollab.Tests.PositiveTestCases.BadgePositiveTest" name="EndroseValidation" time="0.0">
    <ignored/>
  </testcase> <!-- EndroseValidation -->
  <testcase classname="PracticeTesting.EasyCollab.Tests.PositiveTestCases.BadgePositiveTest" name="ContributionValidation" time="0.0">
    <ignored/>
  </testcase> <!-- ContributionValidation -->
</testsuite> <!-- Badge Test -->
