<?xml version="1.0" encoding="UTF-8"?>
<testng-results ignored="0" total="1" passed="1" failed="0" skipped="0">
  <reporter-output>
  </reporter-output>
  <suite started-at="2024-01-15T10:30:34 IST" name="Suite" finished-at="2024-01-15T10:30:47 IST" duration-ms="13261">
    <groups>
    </groups>
    <test started-at="2024-01-15T10:30:34 IST" name="Test" finished-at="2024-01-15T10:30:47 IST" duration-ms="13261">
      <class name="PracticeTesting.EasyCollab.Tests.PositiveTestCases.SnackOrderReportTestCase">
        <test-method is-config="true" signature="loginApplication()[pri:0, instance:PracticeTesting.EasyCollab.Tests.PositiveTestCases.SnackOrderReportTestCase@1608bcbd]" started-at="2024-01-15T10:30:34 IST" name="loginApplication" finished-at="2024-01-15T10:30:39 IST" duration-ms="4698" status="PASS">
          <reporter-output>
          </reporter-output>
        </test-method> <!-- loginApplication -->
        <test-method is-config="true" signature="ProfileSetup()[pri:0, instance:PracticeTesting.EasyCollab.Tests.PositiveTestCases.SnackOrderReportTestCase@1608bcbd]" started-at="2024-01-15T10:30:39 IST" name="ProfileSetup" finished-at="2024-01-15T10:30:41 IST" duration-ms="1970" status="PASS">
          <reporter-output>
          </reporter-output>
        </test-method> <!-- ProfileSetup -->
        <test-method signature="GetAllwithDate()[pri:0, instance:PracticeTesting.EasyCollab.Tests.PositiveTestCases.SnackOrderReportTestCase@1608bcbd]" started-at="2024-01-15T10:30:41 IST" name="GetAllwithDate" finished-at="2024-01-15T10:30:46 IST" duration-ms="5192" status="PASS">
          <reporter-output>
          </reporter-output>
        </test-method> <!-- GetAllwithDate -->
        <test-method is-config="true" signature="teardown()[pri:0, instance:PracticeTesting.EasyCollab.Tests.PositiveTestCases.SnackOrderReportTestCase@1608bcbd]" started-at="2024-01-15T10:30:46 IST" name="teardown" finished-at="2024-01-15T10:30:47 IST" duration-ms="1297" status="PASS">
          <reporter-output>
          </reporter-output>
        </test-method> <!-- teardown -->
      </class> <!-- PracticeTesting.EasyCollab.Tests.PositiveTestCases.SnackOrderReportTestCase -->
    </test> <!-- Test -->
  </suite> <!-- Suite -->
</testng-results>
